[0.617][INFO]: COMMAND InitSession {
   "desiredCapabilities": {
      "browserName": "chrome",
      "chromeOptions": {
         "args": [ "--no-sandbox", "--dns-prefetch-disable", "--disable-gpu-watchdog", "--disable-gpu-program-cache", "--disk-cache-dir=/dev/null", "--disk-cache-size=1" ],
         "detach": true,
         "extensions": [  ],
         "prefs": {
            "profile.default_content_setting_values.notifications": 2
         }
      },
      "loggingPrefs": {
         "performance": "INFO"
      },
      "newCommandTimeout": 120,
      "platform": "WIN8",
      "proxy": {
         "autodetect": false,
         "class": "org.openqa.selenium.Proxy",
         "ftpProxy": null,
         "hCode": 790134595,
         "httpProxy": "gu-PC:60749",
         "noProxy": null,
         "proxyAutoconfigUrl": null,
         "proxyType": "MANUAL",
         "socksPassword": null,
         "socksProxy": null,
         "socksUsername": null,
         "sslProxy": "gu-PC:60749"
      },
      "recreateChromeDriverSessions": true,
      "version": ""
   }
}
[0.621][INFO]: Populating Preferences file: {
   "alternate_error_pages": {
      "enabled": false
   },
   "autofill": {
      "enabled": false
   },
   "browser": {
      "check_default_browser": false
   },
   "distribution": {
      "import_bookmarks": false,
      "import_history": false,
      "import_search_engine": false,
      "make_chrome_default_for_user": false,
      "skip_first_run_ui": true
   },
   "dns_prefetching": {
      "enabled": false
   },
   "profile": {
      "content_settings": {
         "pattern_pairs": {
            "https://*,*": {
               "media-stream": {
                  "audio": "Default",
                  "video": "Default"
               }
            }
         }
      },
      "default_content_setting_values": {
         "geolocation": 1,
         "notifications": 2
      },
      "default_content_settings": {
         "geolocation": 1,
         "mouselock": 1,
         "notifications": 1,
         "popups": 1,
         "ppapi-broker": 1
      },
      "password_manager_enabled": false
   },
   "safebrowsing": {
      "enabled": false
   },
   "search": {
      "suggest_enabled": false
   },
   "translate": {
      "enabled": false
   }
}
[0.623][INFO]: Populating Local State file: {
   "background_mode": {
      "enabled": false
   },
   "ssl": {
      "rev_checking": {
         "enabled": false
      }
   }
}
[0.639][INFO]: Launching chrome: "C:\Program Files (x86)\Google\Chrome\Application\chrome.exe" --disable-background-networking --disable-client-side-phishing-detection --disable-default-apps --disable-gpu-program-cache --disable-gpu-watchdog --disable-hang-monitor --disable-popup-blocking --disable-prompt-on-repost --disable-sync --disable-web-resources --disk-cache-dir=/dev/null --disk-cache-size=1 --dns-prefetch-disable --enable-automation --enable-logging --force-fieldtrials=SiteIsolationExtensions/Control --ignore-certificate-errors --load-extension="C:\Users\gu\AppData\Local\Temp\scoped_dir6600_25068\internal" --log-level=0 --metrics-recording-only --no-first-run --no-sandbox --password-store=basic --proxy-server=http=gu-PC:60749;https=gu-PC:60749 --remote-debugging-port=12822 --test-type=webdriver --use-mock-keychain --user-data-dir="C:\Users\gu\AppData\Local\Temp\scoped_dir6600_12917" data:,
[1.302][INFO]: resolved localhost to ["::1","127.0.0.1"]
[2.345][INFO]: RESPONSE InitSession {
   "acceptSslCerts": true,
   "applicationCacheEnabled": false,
   "browserConnectionEnabled": false,
   "browserName": "chrome",
   "chrome": {
      "chromedriverVersion": "2.34.522940 (1a76f96f66e3ca7b8e57d503b4dd3bccfba87af1)",
      "userDataDir": "C:\\Users\\gu\\AppData\\Local\\Temp\\scoped_dir6600_12917"
   },
   "cssSelectorsEnabled": true,
   "databaseEnabled": false,
   "handlesAlerts": true,
   "hasTouchScreen": false,
   "javascriptEnabled": true,
   "locationContextEnabled": true,
   "mobileEmulationEnabled": false,
   "nativeEvents": true,
   "networkConnectionEnabled": false,
   "pageLoadStrategy": "normal",
   "platform": "Windows NT",
   "rotatable": false,
   "setWindowRect": true,
   "takesHeapSnapshot": true,
   "~~~": "..."
}
[2.374][INFO]: COMMAND SetTimeout {
   "ms": 10000,
   "type": "script"
}
[2.374][INFO]: RESPONSE SetTimeout
[2.379][INFO]: COMMAND SetTimeout {
   "ms": 10000,
   "type": "implicit"
}
[2.379][INFO]: RESPONSE SetTimeout
[2.382][INFO]: COMMAND SetTimeout {
   "ms": 120000,
   "type": "page load"
}
[2.382][INFO]: RESPONSE SetTimeout
[2.386][INFO]: COMMAND MaximizeWindow {
   "windowHandle": "current"
}
[2.387][INFO]: resolved localhost to ["::1","127.0.0.1"]
[3.764][INFO]: RESPONSE MaximizeWindow
[3.797][INFO]: COMMAND Navigate {
   "url": "https://www.baidu.com/s?wd=ip"
}
[3.797][INFO]: Waiting for pending navigations...
[3.850][INFO]: Done waiting for pending navigations. Status: ok
[5.184][INFO]: Waiting for pending navigations...
[9.352][INFO]: Done waiting for pending navigations. Status: ok
[9.352][INFO]: RESPONSE Navigate
[9.355][INFO]: COMMAND GetSource {

}
[9.355][INFO]: Waiting for pending navigations...
[9.356][INFO]: Done waiting for pending navigations. Status: ok
[9.376][INFO]: Waiting for pending navigations...
[9.377][INFO]: Done waiting for pending navigations. Status: ok
[9.377][INFO]: RESPONSE GetSource "\u003C!DOCTYPE html>\u003C!--STATUS OK-->\u003Chtml xmlns=\"http://www.w3.org/1999/xhtml\">\u003Chead>\n\t\t\n\t\t\u003Cmeta http-equiv=\"X-UA-Compatible\" content=\"IE=edge,chrome=1\" />\n\t\t\u003Cmeta http-equiv=\"content-type\" content=\"tex..."
[11.427][INFO]: COMMAND GetSource {

}
[11.429][INFO]: Waiting for pending navigations...
[11.430][INFO]: Done waiting for pending navigations. Status: ok
[11.456][INFO]: Waiting for pending navigations...
[11.457][INFO]: Done waiting for pending navigations. Status: ok
[11.457][INFO]: RESPONSE GetSource "\u003C!DOCTYPE html>\u003C!--STATUS OK-->\u003Chtml xmlns=\"http://www.w3.org/1999/xhtml\">\u003Chead>\n\t\t\n\t\t\u003Cmeta http-equiv=\"X-UA-Compatible\" content=\"IE=edge,chrome=1\" />\n\t\t\u003Cmeta http-equiv=\"content-type\" content=\"tex..."
[11.476][INFO]: COMMAND GetSource {

}
[11.476][INFO]: Waiting for pending navigations...
[11.477][INFO]: Done waiting for pending navigations. Status: ok
[11.509][INFO]: Waiting for pending navigations...
[11.512][INFO]: Done waiting for pending navigations. Status: ok
[11.512][INFO]: RESPONSE GetSource "\u003C!DOCTYPE html>\u003C!--STATUS OK-->\u003Chtml xmlns=\"http://www.w3.org/1999/xhtml\">\u003Chead>\n\t\t\n\t\t\u003Cmeta http-equiv=\"X-UA-Compatible\" content=\"IE=edge,chrome=1\" />\n\t\t\u003Cmeta http-equiv=\"content-type\" content=\"tex..."
[11.549][INFO]: COMMAND GetUrl {

}
[11.549][INFO]: Waiting for pending navigations...
[11.549][INFO]: Done waiting for pending navigations. Status: ok
[11.551][INFO]: Waiting for pending navigations...
[11.552][INFO]: Done waiting for pending navigations. Status: ok
[11.552][INFO]: RESPONSE GetUrl "https://www.baidu.com/s?wd=ip"
[11.559][INFO]: COMMAND ExecuteScript {
   "args": [  ],
   "script": "return document.readyState"
}
[11.560][INFO]: Waiting for pending navigations...
[11.560][INFO]: Done waiting for pending navigations. Status: ok
[11.562][INFO]: Waiting for pending navigations...
[11.563][INFO]: Done waiting for pending navigations. Status: ok
[11.563][INFO]: RESPONSE ExecuteScript "complete"
[12.565][INFO]: COMMAND GetUrl {

}
[12.565][INFO]: Waiting for pending navigations...
[12.566][INFO]: Done waiting for pending navigations. Status: ok
[12.568][INFO]: Waiting for pending navigations...
[12.569][INFO]: Done waiting for pending navigations. Status: ok
[12.569][INFO]: RESPONSE GetUrl "https://www.baidu.com/s?wd=ip"
[12.572][INFO]: COMMAND ExecuteScript {
   "args": [  ],
   "script": "return document.readyState"
}
[12.573][INFO]: Waiting for pending navigations...
[12.574][INFO]: Done waiting for pending navigations. Status: ok
[12.576][INFO]: Waiting for pending navigations...
[12.577][INFO]: Done waiting for pending navigations. Status: ok
[12.577][INFO]: RESPONSE ExecuteScript "complete"
[12.581][INFO]: COMMAND FindElement {
   "using": "css selector",
   "value": "body"
}
[12.581][INFO]: Waiting for pending navigations...
[12.582][INFO]: Done waiting for pending navigations. Status: ok
[12.592][INFO]: Waiting for pending navigations...
[12.593][INFO]: Done waiting for pending navigations. Status: ok
[12.593][INFO]: RESPONSE FindElement {
   "ELEMENT": "0.4574730516207022-1"
}
[12.599][INFO]: COMMAND IsElementDisplayed {
   "id": "0.4574730516207022-1"
}
[12.599][INFO]: Waiting for pending navigations...
[12.600][INFO]: Done waiting for pending navigations. Status: ok
[12.610][INFO]: Waiting for pending navigations...
[12.610][INFO]: Done waiting for pending navigations. Status: ok
[12.610][INFO]: RESPONSE IsElementDisplayed true
[12.613][INFO]: COMMAND ExecuteScript {
   "args": [  ],
   "script": "return document.readyState"
}
[12.613][INFO]: Waiting for pending navigations...
[12.614][INFO]: Done waiting for pending navigations. Status: ok
[12.615][INFO]: Waiting for pending navigations...
[12.616][INFO]: Done waiting for pending navigations. Status: ok
[12.616][INFO]: RESPONSE ExecuteScript "complete"
[12.619][INFO]: COMMAND GetUrl {

}
[12.619][INFO]: Waiting for pending navigations...
[12.619][INFO]: Done waiting for pending navigations. Status: ok
[12.621][INFO]: Waiting for pending navigations...
[12.621][INFO]: Done waiting for pending navigations. Status: ok
[12.621][INFO]: RESPONSE GetUrl "https://www.baidu.com/s?wd=ip"
[12.625][INFO]: COMMAND GetSource {

}
[12.625][INFO]: Waiting for pending navigations...
[12.626][INFO]: Done waiting for pending navigations. Status: ok
[12.643][INFO]: Waiting for pending navigations...
[12.644][INFO]: Done waiting for pending navigations. Status: ok
[12.644][INFO]: RESPONSE GetSource "\u003C!DOCTYPE html>\u003C!--STATUS OK-->\u003Chtml xmlns=\"http://www.w3.org/1999/xhtml\">\u003Chead>\n\t\t\n\t\t\u003Cmeta http-equiv=\"X-UA-Compatible\" content=\"IE=edge,chrome=1\" />\n\t\t\u003Cmeta http-equiv=\"content-type\" content=\"tex..."
